<?xml version="1.0" encoding="UTF-8"?>
<!-- Generated by org.testng.reporters.JUnitReportReporter -->
<testsuite hostname="EC2AMAZ-S11DBRH" failures="0" tests="5" name="testScripts.PlaceOrderTest" time="0.915" errors="0" timestamp="2023-12-14T07:09:36 GMT" skipped="0">
  <testcase classname="testScripts.PlaceOrderTest" name="validLogin" time="0.072"/>
  <system-out/>
  <testcase classname="testScripts.PlaceOrderTest" name="addItem" time="0.261"/>
  <system-out/>
  <testcase classname="testScripts.PlaceOrderTest" name="removeItem" time="0.062"/>
  <system-out/>
  <testcase classname="testScripts.PlaceOrderTest" name="checkoutTest" time="0.077"/>
  <system-out/>
  <testcase classname="testScripts.PlaceOrderTest" name="information" time="0.443"/>
  <system-out/>
</testsuite> <!-- testScripts.PlaceOrderTest -->
